<?xml version="1.0" encoding="UTF-8"?>
<!-- Generated by org.testng.reporters.JUnitReportReporter -->
<testsuite hostname="WIN1507919" name="Gittest.GitTestDemo.AppTest" tests="1" failures="0" timestamp="6 Aug 2015 09:25:51 GMT" time="0.029" errors="0">
  <testcase name="f" time="0.029" classname="Gittest.GitTestDemo.AppTest"/>
</testsuite> <!-- Gittest.GitTestDemo.AppTest -->
