<?xml version="1.0" encoding="UTF-8"?>
<!-- Generated by org.testng.reporters.JUnitReportReporter -->
<testsuite hostname="WIN1507919" name="guru99.tutorials.AppTest" tests="1" failures="0" timestamp="15 Jan 2016 09:05:42 GMT" time="17.168" errors="0">
  <testcase name="guru99tutorials" time="17.168" classname="guru99.tutorials.AppTest"/>
</testsuite> <!-- guru99.tutorials.AppTest -->
