<?xml version="1.0" encoding="UTF-8"?>
<!-- Generated by org.testng.reporters.JUnitReportReporter -->
<testsuite hostname="WIN1507919" name="GitTestDemo.AppTest" tests="1" failures="0" timestamp="6 Aug 2015 10:13:33 GMT" time="109.085" errors="0">
  <testcase name="f" time="109.085" classname="GitTestDemo.AppTest"/>
</testsuite> <!-- GitTestDemo.AppTest -->
