<?xml version="1.0" encoding="UTF-8"?>
<!-- Generated by org.testng.reporters.JUnitReportReporter -->
<testsuite hostname="WIN1507919" name="guru99.gittest.AppTest" tests="1" failures="0" timestamp="15 Jan 2016 11:16:26 GMT" time="15.106" errors="0">
  <testcase name="guru99tutorials" time="15.106" classname="guru99.gittest.AppTest"/>
</testsuite> <!-- guru99.gittest.AppTest -->
