<?xml version="1.0" encoding="UTF-8"?>
<!-- Generated by org.testng.reporters.JUnitReportReporter -->
<testsuite hostname="W2650341GCWAS" name="guru99.gittest.AppTest" tests="1" failures="0" timestamp="7 Jun 2019 11:02:20 GMT" time="6.606" errors="0">
  <testcase name="guru99tutorials" time="6.606" classname="guru99.gittest.AppTest"/>
</testsuite> <!-- guru99.gittest.AppTest -->
